<?xml version="1.0" encoding="UTF-8"?>
<testng-results ignored="0" total="1" passed="0" failed="1" skipped="0">
  <reporter-output>
    <line>
      <![CDATA[leads_001Listener test started]]>
    </line>
    <line>
      <![CDATA[leads_001Listener test failed]]>
    </line>
  </reporter-output>
  <suite started-at="2025-01-30T11:48:44 IST" name="Default suite" finished-at="2025-01-30T11:49:45 IST" duration-ms="61104">
    <groups>
      <group name="Smoke">
        <method signature="TC_001.leads_001()[pri:0, instance:TestCaseRepo.TC_001@738dc9b]" name="leads_001" class="TestCaseRepo.TC_001"/>
      </group> <!-- Smoke -->
    </groups>
    <test started-at="2025-01-30T11:48:44 IST" name="Default test" finished-at="2025-01-30T11:49:45 IST" duration-ms="61104">
      <class name="TestCaseRepo.TC_001">
        <test-method is-config="true" signature="dbconnection()[pri:0, instance:TestCaseRepo.TC_001@738dc9b]" started-at="2025-01-30T11:48:44 IST" name="dbconnection" finished-at="2025-01-30T11:48:44 IST" duration-ms="9" status="PASS">
          <reporter-output>
          </reporter-output>
        </test-method> <!-- dbconnection -->
        <test-method is-config="true" signature="launchBrowser(java.lang.String)[pri:0, instance:TestCaseRepo.TC_001@738dc9b]" started-at="2025-01-30T11:48:45 IST" name="launchBrowser" finished-at="2025-01-30T11:49:16 IST" duration-ms="31253" status="PASS">
          <params>
            <param index="0">
              <value>
                <![CDATA[chrome]]>
              </value>
            </param>
          </params>
          <reporter-output>
          </reporter-output>
        </test-method> <!-- launchBrowser -->
        <test-method is-config="true" signature="loginoperation()[pri:0, instance:TestCaseRepo.TC_001@738dc9b]" started-at="2025-01-30T11:49:16 IST" name="loginoperation" finished-at="2025-01-30T11:49:33 IST" duration-ms="16875" status="PASS">
          <reporter-output>
          </reporter-output>
        </test-method> <!-- loginoperation -->
        <test-method signature="leads_001()[pri:0, instance:TestCaseRepo.TC_001@738dc9b]" started-at="2025-01-30T11:49:33 IST" name="leads_001" finished-at="2025-01-30T11:49:42 IST" duration-ms="9047" status="FAIL">
          <exception class="java.lang.AssertionError">
            <message>
              <![CDATA[null]]>
            </message>
            <full-stacktrace>
              <![CDATA[java.lang.AssertionError: null
at org.testng.Assert.fail(Assert.java:99)
at org.testng.Assert.fail(Assert.java:106)
at TestCaseRepo.TC_001.leads_001(TC_001.java:22)
at java.base/jdk.internal.reflect.DirectMethodHandleAccessor.invoke(DirectMethodHandleAccessor.java:103)
at java.base/java.lang.reflect.Method.invoke(Method.java:580)
at org.testng.internal.MethodInvocationHelper.invokeMethod(MethodInvocationHelper.java:133)
at org.testng.internal.TestInvoker.invokeMethod(TestInvoker.java:598)
at org.testng.internal.TestInvoker.invokeTestMethod(TestInvoker.java:173)
at org.testng.internal.MethodRunner.runInSequence(MethodRunner.java:46)
at org.testng.internal.TestInvoker$MethodInvocationAgent.invoke(TestInvoker.java:824)
at org.testng.internal.TestInvoker.invokeTestMethods(TestInvoker.java:146)
at org.testng.internal.TestMethodWorker.invokeTestMethods(TestMethodWorker.java:146)
at org.testng.internal.TestMethodWorker.run(TestMethodWorker.java:128)
at java.base/java.util.ArrayList.forEach(ArrayList.java:1597)
at org.testng.TestRunner.privateRun(TestRunner.java:794)
at org.testng.TestRunner.run(TestRunner.java:596)
at org.testng.SuiteRunner.runTest(SuiteRunner.java:377)
at org.testng.SuiteRunner.runSequentially(SuiteRunner.java:371)
at org.testng.SuiteRunner.privateRun(SuiteRunner.java:332)
at org.testng.SuiteRunner.run(SuiteRunner.java:276)
at org.testng.SuiteRunnerWorker.runSuite(SuiteRunnerWorker.java:53)
at org.testng.SuiteRunnerWorker.run(SuiteRunnerWorker.java:96)
at org.testng.TestNG.runSuitesSequentially(TestNG.java:1212)
at org.testng.TestNG.runSuitesLocally(TestNG.java:1134)
at org.testng.TestNG.runSuites(TestNG.java:1063)
at org.testng.TestNG.run(TestNG.java:1031)
at org.testng.remote.AbstractRemoteTestNG.run(AbstractRemoteTestNG.java:115)
at org.testng.remote.RemoteTestNG.initAndRun(RemoteTestNG.java:293)
at org.testng.remote.RemoteTestNG.main(RemoteTestNG.java:91)
]]>
            </full-stacktrace>
          </exception> <!-- java.lang.AssertionError -->
          <reporter-output>
            <line>
              <![CDATA[leads_001Listener test started]]>
            </line>
            <line>
              <![CDATA[leads_001Listener test failed]]>
            </line>
          </reporter-output>
        </test-method> <!-- leads_001 -->
        <test-method is-config="true" signature="logoutOperation()[pri:0, instance:TestCaseRepo.TC_001@738dc9b]" started-at="2025-01-30T11:49:42 IST" name="logoutOperation" finished-at="2025-01-30T11:49:45 IST" duration-ms="3197" status="PASS">
          <reporter-output>
          </reporter-output>
        </test-method> <!-- logoutOperation -->
        <test-method is-config="true" signature="closeBrowser()[pri:0, instance:TestCaseRepo.TC_001@738dc9b]" started-at="2025-01-30T11:49:45 IST" name="closeBrowser" finished-at="2025-01-30T11:49:45 IST" duration-ms="259" status="PASS">
          <reporter-output>
          </reporter-output>
        </test-method> <!-- closeBrowser -->
        <test-method is-config="true" signature="dbConnectionClosed()[pri:0, instance:TestCaseRepo.TC_001@738dc9b]" started-at="2025-01-30T11:49:46 IST" name="dbConnectionClosed" finished-at="2025-01-30T11:49:46 IST" duration-ms="0" status="PASS">
          <reporter-output>
          </reporter-output>
        </test-method> <!-- dbConnectionClosed -->
      </class> <!-- TestCaseRepo.TC_001 -->
    </test> <!-- Default test -->
  </suite> <!-- Default suite -->
</testng-results>
